[2020-07-31T17:17:53.482] [DEBUG] cheese - login => username:admin,password:123456
[2020-07-31T17:17:53.484] [DEBUG] cheese - admin
[2020-07-31T17:17:58.015] [DEBUG] cheese - null
[2020-07-31T17:17:58.016] [DEBUG] cheese - null
[2020-07-31T22:30:53.378] [DEBUG] cheese - login => username:admin,password:123456
[2020-07-31T22:30:53.379] [DEBUG] cheese - admin
[2020-07-31T22:30:53.428] [DEBUG] cheese - null
[2020-07-31T22:30:53.428] [DEBUG] cheese - null
[2020-07-31T22:32:26.812] [DEBUG] cheese - login => username:admin,password:123456
[2020-07-31T22:32:26.812] [DEBUG] cheese - admin
[2020-07-31T22:32:26.815] [DEBUG] cheese - null
[2020-07-31T22:32:26.815] [DEBUG] cheese - null
[2020-07-31T22:34:13.662] [DEBUG] cheese - login => username:admin,password:123456
[2020-07-31T22:34:13.662] [DEBUG] cheese - admin
[2020-07-31T22:34:13.664] [DEBUG] cheese - null
[2020-07-31T22:34:13.664] [DEBUG] cheese - null
[2020-07-31T22:36:01.103] [DEBUG] cheese - login => username:admin,password:123456
[2020-07-31T22:36:01.104] [DEBUG] cheese - admin
[2020-07-31T22:36:01.105] [DEBUG] cheese - null
[2020-07-31T22:36:01.105] [DEBUG] cheese - null
[2020-07-31T22:38:42.785] [DEBUG] cheese - login => username:admin,password:123456
[2020-07-31T22:38:42.785] [DEBUG] cheese - admin
[2020-07-31T22:38:42.787] [DEBUG] cheese - null
[2020-07-31T22:38:42.787] [DEBUG] cheese - null
[2020-07-31T22:38:45.618] [DEBUG] cheese - login => username:admin,password:1234561
[2020-07-31T22:38:45.618] [DEBUG] cheese - admin
[2020-07-31T22:38:45.620] [DEBUG] cheese - null
[2020-07-31T22:38:45.620] [DEBUG] cheese - null
[2020-07-31T22:38:51.646] [DEBUG] cheese - login => username:admin,password:1234561
[2020-07-31T22:38:51.646] [DEBUG] cheese - admin
[2020-07-31T22:38:51.648] [DEBUG] cheese - null
[2020-07-31T22:38:51.648] [DEBUG] cheese - null
[2020-07-31T22:39:36.668] [DEBUG] cheese - login => username:admin,password:123456
[2020-07-31T22:39:36.668] [DEBUG] cheese - admin
[2020-07-31T22:39:36.670] [DEBUG] cheese - null
[2020-07-31T22:39:36.670] [DEBUG] cheese - null
[2020-07-31T22:49:42.195] [DEBUG] cheese - login => username:admin,password:123456
[2020-07-31T22:49:42.195] [DEBUG] cheese - admin
[2020-07-31T22:49:42.196] [DEBUG] cheese - null
[2020-07-31T22:49:42.196] [DEBUG] cheese - null
[2020-07-31T22:49:43.845] [DEBUG] cheese - login => username:admin,password:123456
[2020-07-31T22:49:43.845] [DEBUG] cheese - admin
[2020-07-31T22:49:43.847] [DEBUG] cheese - null
[2020-07-31T22:49:43.847] [DEBUG] cheese - null
[2020-07-31T22:50:48.047] [DEBUG] cheese - login => username:admin,password:123456
[2020-07-31T22:50:48.047] [DEBUG] cheese - admin
[2020-07-31T22:50:48.049] [DEBUG] cheese - null
[2020-07-31T22:50:48.049] [DEBUG] cheese - null
[2020-07-31T22:50:48.950] [DEBUG] cheese - login => username:admin,password:123456
[2020-07-31T22:50:48.950] [DEBUG] cheese - admin
[2020-07-31T22:50:48.951] [DEBUG] cheese - null
[2020-07-31T22:50:48.951] [DEBUG] cheese - null
[2020-07-31T22:52:14.423] [DEBUG] cheese - login => username:admin,password:123456
[2020-07-31T22:52:14.423] [DEBUG] cheese - admin
[2020-07-31T22:52:14.424] [DEBUG] cheese - null
[2020-07-31T22:52:14.424] [DEBUG] cheese - null
[2020-07-31T22:52:22.495] [DEBUG] cheese - login => username:admin,password:123456
[2020-07-31T22:52:22.495] [DEBUG] cheese - admin
[2020-07-31T22:52:22.497] [DEBUG] cheese - null
[2020-07-31T22:52:22.497] [DEBUG] cheese - null
[2020-07-31T22:52:46.774] [DEBUG] cheese - login => username:admin,password:123456
[2020-07-31T22:52:46.775] [DEBUG] cheese - admin
[2020-07-31T22:52:46.776] [DEBUG] cheese - null
[2020-07-31T22:52:46.776] [DEBUG] cheese - null
[2020-07-31T22:55:57.543] [DEBUG] cheese - login => username:admin,password:123456
[2020-07-31T22:55:57.543] [DEBUG] cheese - admin
[2020-07-31T22:55:57.544] [DEBUG] cheese - null
[2020-07-31T22:55:57.544] [DEBUG] cheese - null
[2020-07-31T22:59:22.027] [DEBUG] cheese - login => username:admin,password:123456
[2020-07-31T22:59:22.027] [DEBUG] cheese - admin
[2020-07-31T22:59:22.028] [DEBUG] cheese - null
[2020-07-31T22:59:22.029] [DEBUG] cheese - null
[2020-07-31T22:59:34.850] [DEBUG] cheese - login => username:201835020,password:123456
[2020-07-31T22:59:34.850] [DEBUG] cheese - 201835020
[2020-07-31T22:59:34.852] [DEBUG] cheese - null
[2020-07-31T22:59:34.852] [DEBUG] cheese - null
[2020-07-31T23:02:45.508] [DEBUG] cheese - login => username:admin,password:123456
[2020-07-31T23:02:45.508] [DEBUG] cheese - admin
[2020-07-31T23:02:45.510] [DEBUG] cheese - null
[2020-07-31T23:02:45.510] [DEBUG] cheese - null
[2020-07-31T23:06:34.173] [DEBUG] cheese - login => username:admin,password:123456
[2020-07-31T23:06:34.173] [DEBUG] cheese - admin
[2020-07-31T23:06:34.175] [DEBUG] cheese - null
[2020-07-31T23:06:34.175] [DEBUG] cheese - null
[2020-07-31T23:11:23.023] [DEBUG] cheese - login => username:admin,password:1234561
[2020-07-31T23:11:23.023] [DEBUG] cheese - admin
[2020-07-31T23:11:23.025] [DEBUG] cheese - null
[2020-07-31T23:11:23.025] [DEBUG] cheese - null
[2020-07-31T23:11:26.481] [DEBUG] cheese - login => username:admin,password:123456
[2020-07-31T23:11:26.481] [DEBUG] cheese - admin
[2020-07-31T23:11:26.483] [DEBUG] cheese - null
[2020-07-31T23:11:26.483] [DEBUG] cheese - null
[2020-08-02T13:13:03.305] [DEBUG] cheese - login => username:admin,password:123456
[2020-08-02T13:13:03.306] [DEBUG] cheese - admin
[2020-08-02T13:13:03.513] [DEBUG] cheese - null
[2020-08-02T13:13:03.513] [DEBUG] cheese - null
[2020-08-02T13:13:11.140] [DEBUG] cheese - login => username:admin,password:1234561
[2020-08-02T13:13:11.140] [DEBUG] cheese - admin
[2020-08-02T13:13:11.142] [DEBUG] cheese - null
[2020-08-02T13:13:11.142] [DEBUG] cheese - null
[2020-08-02T13:13:17.747] [DEBUG] cheese - login => username:admin,password:123456
[2020-08-02T13:13:17.747] [DEBUG] cheese - admin
[2020-08-02T13:13:17.748] [DEBUG] cheese - null
[2020-08-02T13:13:17.748] [DEBUG] cheese - null
[2020-08-02T13:21:02.565] [DEBUG] cheese - login => username:admin,password:123456
[2020-08-02T13:21:02.565] [DEBUG] cheese - admin
[2020-08-02T13:21:02.566] [DEBUG] cheese - null
[2020-08-02T13:21:02.567] [DEBUG] cheese - null
[2020-08-02T14:16:11.071] [DEBUG] cheese - login => username:admin,password:123456
[2020-08-02T14:16:11.071] [DEBUG] cheese - admin
[2020-08-02T14:16:11.072] [DEBUG] cheese - null
[2020-08-02T14:16:11.072] [DEBUG] cheese - null
